Flow report for final_lab
Mon Dec 24 00:07:20 2018
Quartus Prime Version 17.1.0 Build 590 10/25/2017 SJ Lite Edition


---------------------
; Table of Contents ;
---------------------
  1. Legal Notice
  2. Flow Summary
  3. Flow Settings
  4. Flow Non-Default Global Settings
  5. Flow Elapsed Time
  6. Flow OS Summary
  7. Flow Log
  8. Flow Messages
  9. Flow Suppressed Messages



----------------
; Legal Notice ;
----------------
Copyright (C) 2017  Intel Corporation. All rights reserved.
Your use of Intel Corporation's design tools, logic functions 
and other software and tools, and its AMPP partner logic 
functions, and any output files from any of the foregoing 
(including device programming or simulation files), and any 
associated documentation or information are expressly subject 
to the terms and conditions of the Intel Program License 
Subscription Agreement, the Intel Quartus Prime License Agreement,
the Intel FPGA IP License Agreement, or other applicable license
agreement, including, without limitation, that your use is for
the sole purpose of programming logic devices manufactured by
Intel and sold by Intel or its authorized distributors.  Please
refer to the applicable agreement for further details.



+-------------------------------------------------------------------------------+
; Flow Summary                                                                  ;
+---------------------------------+---------------------------------------------+
; Flow Status                     ; Successful - Mon Dec 24 00:07:20 2018       ;
; Quartus Prime Version           ; 17.1.0 Build 590 10/25/2017 SJ Lite Edition ;
; Revision Name                   ; final_lab                                   ;
; Top-level Entity Name           ; final_lab                                   ;
; Family                          ; Cyclone V                                   ;
; Device                          ; 5CSXFC6D6F31C6                              ;
; Timing Models                   ; Final                                       ;
; Logic utilization (in ALMs)     ; 608 / 41,910 ( 1 % )                        ;
; Total registers                 ; 435                                         ;
; Total pins                      ; 111 / 499 ( 22 % )                          ;
; Total virtual pins              ; 0                                           ;
; Total block memory bits         ; 42,912 / 5,662,720 ( < 1 % )                ;
; Total DSP Blocks                ; 1 / 112 ( < 1 % )                           ;
; Total HSSI RX PCSs              ; 0 / 9 ( 0 % )                               ;
; Total HSSI PMA RX Deserializers ; 0 / 9 ( 0 % )                               ;
; Total HSSI TX PCSs              ; 0 / 9 ( 0 % )                               ;
; Total HSSI PMA TX Serializers   ; 0 / 9 ( 0 % )                               ;
; Total PLLs                      ; 1 / 15 ( 7 % )                              ;
; Total DLLs                      ; 0 / 4 ( 0 % )                               ;
+---------------------------------+---------------------------------------------+


+-----------------------------------------+
; Flow Settings                           ;
+-------------------+---------------------+
; Option            ; Setting             ;
+-------------------+---------------------+
; Start date & time ; 12/24/2018 00:04:07 ;
; Main task         ; Compilation         ;
; Revision Name     ; final_lab           ;
+-------------------+---------------------+


+-----------------------------------------------------------------------------------------------------------------------------+
; Flow Non-Default Global Settings                                                                                            ;
+-------------------------------------+----------------------------------------+---------------+-------------+----------------+
; Assignment Name                     ; Value                                  ; Default Value ; Entity Name ; Section Id     ;
+-------------------------------------+----------------------------------------+---------------+-------------+----------------+
; COMPILER_SIGNATURE_ID               ; 224504138226000.154558104608560        ; --            ; --          ; --             ;
; EDA_OUTPUT_DATA_FORMAT              ; Verilog Hdl                            ; --            ; --          ; eda_simulation ;
; EDA_SIMULATION_TOOL                 ; ModelSim-Altera (Verilog)              ; <None>        ; --          ; --             ;
; EDA_TIME_SCALE                      ; 1 ps                                   ; --            ; --          ; eda_simulation ;
; MAX_CORE_JUNCTION_TEMP              ; 85                                     ; --            ; --          ; --             ;
; MIN_CORE_JUNCTION_TEMP              ; 0                                      ; --            ; --          ; --             ;
; MISC_FILE                           ; xclk.cmp                               ; --            ; --          ; --             ;
; MISC_FILE                           ; xclk_sim/xclk.vo                       ; --            ; --          ; --             ;
; PARTITION_COLOR                     ; -- (Not supported for targeted family) ; --            ; --          ; Top            ;
; PARTITION_FITTER_PRESERVATION_LEVEL ; -- (Not supported for targeted family) ; --            ; --          ; Top            ;
; PARTITION_NETLIST_TYPE              ; -- (Not supported for targeted family) ; --            ; --          ; Top            ;
; POWER_BOARD_THERMAL_MODEL           ; None (CONSERVATIVE)                    ; --            ; --          ; --             ;
; POWER_PRESET_COOLING_SOLUTION       ; 23 MM HEAT SINK WITH 200 LFPM AIRFLOW  ; --            ; --          ; --             ;
; PROJECT_OUTPUT_DIRECTORY            ; output_files                           ; --            ; --          ; --             ;
; SPD_FILE                            ; xclk.spd                               ; --            ; --          ; --             ;
; SYNTHESIS_ONLY_QIP                  ; On                                     ; --            ; --          ; --             ;
+-------------------------------------+----------------------------------------+---------------+-------------+----------------+


+-------------------------------------------------------------------------------------------------------------------------------+
; Flow Elapsed Time                                                                                                             ;
+---------------------------+--------------+-------------------------+---------------------+------------------------------------+
; Module Name               ; Elapsed Time ; Average Processors Used ; Peak Virtual Memory ; Total CPU Time (on all processors) ;
+---------------------------+--------------+-------------------------+---------------------+------------------------------------+
; Analysis & Synthesis      ; 00:00:30     ; 1.0                     ; 4879 MB             ; 00:00:54                           ;
; Fitter                    ; 00:01:42     ; 1.1                     ; 6753 MB             ; 00:02:57                           ;
; Assembler                 ; 00:00:10     ; 1.0                     ; 4861 MB             ; 00:00:10                           ;
; TimeQuest Timing Analyzer ; 00:00:14     ; 1.4                     ; 5228 MB             ; 00:00:16                           ;
; EDA Netlist Writer        ; 00:00:04     ; 1.0                     ; 4887 MB             ; 00:00:03                           ;
; Total                     ; 00:02:40     ; --                      ; --                  ; 00:04:20                           ;
+---------------------------+--------------+-------------------------+---------------------+------------------------------------+


+-----------------------------------------------------------------------------------------+
; Flow OS Summary                                                                         ;
+---------------------------+------------------+------------+------------+----------------+
; Module Name               ; Machine Hostname ; OS Name    ; OS Version ; Processor type ;
+---------------------------+------------------+------------+------------+----------------+
; Analysis & Synthesis      ; LAPTOP-9OR0S5IQ  ; Windows 10 ; 10.0       ; x86_64         ;
; Fitter                    ; LAPTOP-9OR0S5IQ  ; Windows 10 ; 10.0       ; x86_64         ;
; Assembler                 ; LAPTOP-9OR0S5IQ  ; Windows 10 ; 10.0       ; x86_64         ;
; TimeQuest Timing Analyzer ; LAPTOP-9OR0S5IQ  ; Windows 10 ; 10.0       ; x86_64         ;
; EDA Netlist Writer        ; LAPTOP-9OR0S5IQ  ; Windows 10 ; 10.0       ; x86_64         ;
+---------------------------+------------------+------------+------------+----------------+


------------
; Flow Log ;
------------
quartus_map --read_settings_files=on --write_settings_files=off final_lab -c final_lab
quartus_fit --read_settings_files=off --write_settings_files=off final_lab -c final_lab
quartus_asm --read_settings_files=off --write_settings_files=off final_lab -c final_lab
quartus_sta final_lab -c final_lab
quartus_eda --read_settings_files=off --write_settings_files=off final_lab -c final_lab



