Analysis & Synthesis report for exp09
Sat Nov 10 20:50:41 2018
Quartus Prime Version 17.1.0 Build 590 10/25/2017 SJ Lite Edition


---------------------
; Table of Contents ;
---------------------
  1. Legal Notice
  2. Analysis & Synthesis Summary
  3. Analysis & Synthesis Settings
  4. Parallel Compilation
  5. Analysis & Synthesis Source Files Read
  6. Analysis & Synthesis Resource Usage Summary
  7. Analysis & Synthesis Resource Utilization by Entity
  8. General Register Statistics
  9. Multiplexer Restructuring Statistics (Restructuring Performed)
 10. Parameter Settings for User Entity Instance: clkgen:my_vgaclk
 11. Parameter Settings for User Entity Instance: vga_ctrl:VGA_CTRL
 12. Port Connectivity Checks: "vga_ctrl:VGA_CTRL"
 13. Port Connectivity Checks: "clkgen:my_vgaclk"
 14. Post-Synthesis Netlist Statistics for Top Partition
 15. Elapsed Time Per Partition
 16. Analysis & Synthesis Messages



----------------
; Legal Notice ;
----------------
Copyright (C) 2017  Intel Corporation. All rights reserved.
Your use of Intel Corporation's design tools, logic functions 
and other software and tools, and its AMPP partner logic 
functions, and any output files from any of the foregoing 
(including device programming or simulation files), and any 
associated documentation or information are expressly subject 
to the terms and conditions of the Intel Program License 
Subscription Agreement, the Intel Quartus Prime License Agreement,
the Intel FPGA IP License Agreement, or other applicable license
agreement, including, without limitation, that your use is for
the sole purpose of programming logic devices manufactured by
Intel and sold by Intel or its authorized distributors.  Please
refer to the applicable agreement for further details.



+-------------------------------------------------------------------------------+
; Analysis & Synthesis Summary                                                  ;
+---------------------------------+---------------------------------------------+
; Analysis & Synthesis Status     ; Successful - Sat Nov 10 20:50:41 2018       ;
; Quartus Prime Version           ; 17.1.0 Build 590 10/25/2017 SJ Lite Edition ;
; Revision Name                   ; exp09                                       ;
; Top-level Entity Name           ; exp09                                       ;
; Family                          ; Cyclone V                                   ;
; Logic utilization (in ALMs)     ; N/A                                         ;
; Total registers                 ; 65                                          ;
; Total pins                      ; 30                                          ;
; Total virtual pins              ; 0                                           ;
; Total block memory bits         ; 0                                           ;
; Total DSP Blocks                ; 0                                           ;
; Total HSSI RX PCSs              ; 0                                           ;
; Total HSSI PMA RX Deserializers ; 0                                           ;
; Total HSSI TX PCSs              ; 0                                           ;
; Total HSSI PMA TX Serializers   ; 0                                           ;
; Total PLLs                      ; 0                                           ;
; Total DLLs                      ; 0                                           ;
+---------------------------------+---------------------------------------------+


+---------------------------------------------------------------------------------------------------------------------------+
; Analysis & Synthesis Settings                                                                                             ;
+---------------------------------------------------------------------------------+--------------------+--------------------+
; Option                                                                          ; Setting            ; Default Value      ;
+---------------------------------------------------------------------------------+--------------------+--------------------+
; Device                                                                          ; 5CSXFC6D6F31C6     ;                    ;
; Top-level entity name                                                           ; exp09              ; exp09              ;
; Family name                                                                     ; Cyclone V          ; Cyclone V          ;
; Use smart compilation                                                           ; Off                ; Off                ;
; Enable parallel Assembler and TimeQuest Timing Analyzer during compilation      ; On                 ; On                 ;
; Enable compact report table                                                     ; Off                ; Off                ;
; Restructure Multiplexers                                                        ; Auto               ; Auto               ;
; MLAB Add Timing Constraints For Mixed-Port Feed-Through Mode Setting Don't Care ; Off                ; Off                ;
; Create Debugging Nodes for IP Cores                                             ; Off                ; Off                ;
; Preserve fewer node names                                                       ; On                 ; On                 ;
; Intel FPGA IP Evaluation Mode                                                   ; Enable             ; Enable             ;
; Verilog Version                                                                 ; Verilog_2001       ; Verilog_2001       ;
; VHDL Version                                                                    ; VHDL_1993          ; VHDL_1993          ;
; State Machine Processing                                                        ; Auto               ; Auto               ;
; Safe State Machine                                                              ; Off                ; Off                ;
; Extract Verilog State Machines                                                  ; On                 ; On                 ;
; Extract VHDL State Machines                                                     ; On                 ; On                 ;
; Ignore Verilog initial constructs                                               ; Off                ; Off                ;
; Iteration limit for constant Verilog loops                                      ; 5000               ; 5000               ;
; Iteration limit for non-constant Verilog loops                                  ; 250                ; 250                ;
; Add Pass-Through Logic to Inferred RAMs                                         ; On                 ; On                 ;
; Infer RAMs from Raw Logic                                                       ; On                 ; On                 ;
; Parallel Synthesis                                                              ; On                 ; On                 ;
; DSP Block Balancing                                                             ; Auto               ; Auto               ;
; NOT Gate Push-Back                                                              ; On                 ; On                 ;
; Power-Up Don't Care                                                             ; On                 ; On                 ;
; Remove Redundant Logic Cells                                                    ; Off                ; Off                ;
; Remove Duplicate Registers                                                      ; On                 ; On                 ;
; Ignore CARRY Buffers                                                            ; Off                ; Off                ;
; Ignore CASCADE Buffers                                                          ; Off                ; Off                ;
; Ignore GLOBAL Buffers                                                           ; Off                ; Off                ;
; Ignore ROW GLOBAL Buffers                                                       ; Off                ; Off                ;
; Ignore LCELL Buffers                                                            ; Off                ; Off                ;
; Ignore SOFT Buffers                                                             ; On                 ; On                 ;
; Limit AHDL Integers to 32 Bits                                                  ; Off                ; Off                ;
; Optimization Technique                                                          ; Balanced           ; Balanced           ;
; Carry Chain Length                                                              ; 70                 ; 70                 ;
; Auto Carry Chains                                                               ; On                 ; On                 ;
; Auto Open-Drain Pins                                                            ; On                 ; On                 ;
; Perform WYSIWYG Primitive Resynthesis                                           ; Off                ; Off                ;
; Auto ROM Replacement                                                            ; On                 ; On                 ;
; Auto RAM Replacement                                                            ; On                 ; On                 ;
; Auto DSP Block Replacement                                                      ; On                 ; On                 ;
; Auto Shift Register Replacement                                                 ; Auto               ; Auto               ;
; Allow Shift Register Merging across Hierarchies                                 ; Auto               ; Auto               ;
; Auto Clock Enable Replacement                                                   ; On                 ; On                 ;
; Strict RAM Replacement                                                          ; Off                ; Off                ;
; Allow Synchronous Control Signals                                               ; On                 ; On                 ;
; Force Use of Synchronous Clear Signals                                          ; Off                ; Off                ;
; Auto Resource Sharing                                                           ; Off                ; Off                ;
; Allow Any RAM Size For Recognition                                              ; Off                ; Off                ;
; Allow Any ROM Size For Recognition                                              ; Off                ; Off                ;
; Allow Any Shift Register Size For Recognition                                   ; Off                ; Off                ;
; Use LogicLock Constraints during Resource Balancing                             ; On                 ; On                 ;
; Ignore translate_off and synthesis_off directives                               ; Off                ; Off                ;
; Timing-Driven Synthesis                                                         ; On                 ; On                 ;
; Report Parameter Settings                                                       ; On                 ; On                 ;
; Report Source Assignments                                                       ; On                 ; On                 ;
; Report Connectivity Checks                                                      ; On                 ; On                 ;
; Ignore Maximum Fan-Out Assignments                                              ; Off                ; Off                ;
; Synchronization Register Chain Length                                           ; 3                  ; 3                  ;
; Power Optimization During Synthesis                                             ; Normal compilation ; Normal compilation ;
; HDL message level                                                               ; Level2             ; Level2             ;
; Suppress Register Optimization Related Messages                                 ; Off                ; Off                ;
; Number of Removed Registers Reported in Synthesis Report                        ; 5000               ; 5000               ;
; Number of Swept Nodes Reported in Synthesis Report                              ; 5000               ; 5000               ;
; Number of Inverted Registers Reported in Synthesis Report                       ; 100                ; 100                ;
; Clock MUX Protection                                                            ; On                 ; On                 ;
; Auto Gated Clock Conversion                                                     ; Off                ; Off                ;
; Block Design Naming                                                             ; Auto               ; Auto               ;
; SDC constraint protection                                                       ; Off                ; Off                ;
; Synthesis Effort                                                                ; Auto               ; Auto               ;
; Shift Register Replacement - Allow Asynchronous Clear Signal                    ; On                 ; On                 ;
; Pre-Mapping Resynthesis Optimization                                            ; Off                ; Off                ;
; Analysis & Synthesis Message Level                                              ; Medium             ; Medium             ;
; Disable Register Merging Across Hierarchies                                     ; Auto               ; Auto               ;
; Resource Aware Inference For Block RAM                                          ; On                 ; On                 ;
; Automatic Parallel Synthesis                                                    ; On                 ; On                 ;
; Partial Reconfiguration Bitstream ID                                            ; Off                ; Off                ;
+---------------------------------------------------------------------------------+--------------------+--------------------+


+------------------------------------------+
; Parallel Compilation                     ;
+----------------------------+-------------+
; Processors                 ; Number      ;
+----------------------------+-------------+
; Number detected on machine ; 8           ;
; Maximum allowed            ; 4           ;
;                            ;             ;
; Average used               ; 1.00        ;
; Maximum used               ; 4           ;
;                            ;             ;
; Usage by Processor         ; % Time Used ;
;     Processor 1            ; 100.0%      ;
;     Processors 2-4         ;   0.0%      ;
+----------------------------+-------------+


+------------------------------------------------------------------------------------------------------------------------------------------------------------------+
; Analysis & Synthesis Source Files Read                                                                                                                           ;
+----------------------------------+-----------------+------------------------+--------------------------------------------------------------------------+---------+
; File Name with User-Entered Path ; Used in Netlist ; File Type              ; File Name with Absolute Path                                             ; Library ;
+----------------------------------+-----------------+------------------------+--------------------------------------------------------------------------+---------+
; clkgen.v                         ; yes             ; User Verilog HDL File  ; D:/NJU/3rd semester/digital logical circuit experiments/exp09/clkgen.v   ;         ;
; vga_ctrl.v                       ; yes             ; User Verilog HDL File  ; D:/NJU/3rd semester/digital logical circuit experiments/exp09/vga_ctrl.v ;         ;
; exp09.v                          ; yes             ; User Verilog HDL File  ; D:/NJU/3rd semester/digital logical circuit experiments/exp09/exp09.v    ;         ;
+----------------------------------+-----------------+------------------------+--------------------------------------------------------------------------+---------+


+---------------------------------------------------------+
; Analysis & Synthesis Resource Usage Summary             ;
+---------------------------------------------+-----------+
; Resource                                    ; Usage     ;
+---------------------------------------------+-----------+
; Estimate of Logic utilization (ALMs needed) ; 52        ;
;                                             ;           ;
; Combinational ALUT usage for logic          ; 89        ;
;     -- 7 input functions                    ; 0         ;
;     -- 6 input functions                    ; 14        ;
;     -- 5 input functions                    ; 9         ;
;     -- 4 input functions                    ; 4         ;
;     -- <=3 input functions                  ; 62        ;
;                                             ;           ;
; Dedicated logic registers                   ; 65        ;
;                                             ;           ;
; I/O pins                                    ; 30        ;
;                                             ;           ;
; Total DSP Blocks                            ; 0         ;
;                                             ;           ;
; Maximum fan-out node                        ; clk~input ;
; Maximum fan-out                             ; 45        ;
; Total fan-out                               ; 497       ;
; Average fan-out                             ; 2.32      ;
+---------------------------------------------+-----------+


+---------------------------------------------------------------------------------------------------------------------------------------------------------------------------------------------+
; Analysis & Synthesis Resource Utilization by Entity                                                                                                                                         ;
+----------------------------+---------------------+---------------------------+-------------------+------------+------+--------------+--------------------------+-------------+--------------+
; Compilation Hierarchy Node ; Combinational ALUTs ; Dedicated Logic Registers ; Block Memory Bits ; DSP Blocks ; Pins ; Virtual Pins ; Full Hierarchy Name      ; Entity Name ; Library Name ;
+----------------------------+---------------------+---------------------------+-------------------+------------+------+--------------+--------------------------+-------------+--------------+
; |exp09                     ; 89 (8)              ; 65 (12)                   ; 0                 ; 0          ; 30   ; 0            ; |exp09                   ; exp09       ; work         ;
;    |clkgen:my_vgaclk|      ; 43 (43)             ; 33 (33)                   ; 0                 ; 0          ; 0    ; 0            ; |exp09|clkgen:my_vgaclk  ; clkgen      ; work         ;
;    |vga_ctrl:VGA_CTRL|     ; 38 (38)             ; 20 (20)                   ; 0                 ; 0          ; 0    ; 0            ; |exp09|vga_ctrl:VGA_CTRL ; vga_ctrl    ; work         ;
+----------------------------+---------------------+---------------------------+-------------------+------------+------+--------------+--------------------------+-------------+--------------+
Note: For table entries with two numbers listed, the numbers in parentheses indicate the number of resources of the given type used by the specific entity alone. The numbers listed outside of parentheses indicate the total resources of the given type used by the specific entity and all of its sub-entities in the hierarchy.


+------------------------------------------------------+
; General Register Statistics                          ;
+----------------------------------------------+-------+
; Statistic                                    ; Value ;
+----------------------------------------------+-------+
; Total registers                              ; 65    ;
; Number of registers using Synchronous Clear  ; 41    ;
; Number of registers using Synchronous Load   ; 0     ;
; Number of registers using Asynchronous Clear ; 0     ;
; Number of registers using Asynchronous Load  ; 0     ;
; Number of registers using Clock Enable       ; 9     ;
; Number of registers using Preset             ; 0     ;
+----------------------------------------------+-------+


+-------------------------------------------------------------------------------------------------------------------------------------------------+
; Multiplexer Restructuring Statistics (Restructuring Performed)                                                                                  ;
+--------------------+-----------+---------------+----------------------+------------------------+------------+-----------------------------------+
; Multiplexer Inputs ; Bus Width ; Baseline Area ; Area if Restructured ; Saving if Restructured ; Registered ; Example Multiplexer Output        ;
+--------------------+-----------+---------------+----------------------+------------------------+------------+-----------------------------------+
; 3:1                ; 9 bits    ; 18 LEs        ; 0 LEs                ; 18 LEs                 ; Yes        ; |exp09|vga_ctrl:VGA_CTRL|y_cnt[9] ;
; 3:1                ; 2 bits    ; 4 LEs         ; 4 LEs                ; 0 LEs                  ; No         ; |exp09|data                       ;
+--------------------+-----------+---------------+----------------------+------------------------+------------+-----------------------------------+


+---------------------------------------------------------------+
; Parameter Settings for User Entity Instance: clkgen:my_vgaclk ;
+----------------+----------+-----------------------------------+
; Parameter Name ; Value    ; Type                              ;
+----------------+----------+-----------------------------------+
; clk_freq       ; 25000000 ; Signed Integer                    ;
; countlimit     ; 1        ; Signed Integer                    ;
+----------------+----------+-----------------------------------+
Note: In order to hide this table in the UI and the text report file, please set the "Show Parameter Settings in Synthesis Report" option in "Analysis and Synthesis Settings -> More Settings" to "Off".


+----------------------------------------------------------------+
; Parameter Settings for User Entity Instance: vga_ctrl:VGA_CTRL ;
+----------------+-------+---------------------------------------+
; Parameter Name ; Value ; Type                                  ;
+----------------+-------+---------------------------------------+
; h_frontporch   ; 96    ; Signed Integer                        ;
; h_active       ; 144   ; Signed Integer                        ;
; h_backporch    ; 784   ; Signed Integer                        ;
; h_total        ; 800   ; Signed Integer                        ;
; v_frontporch   ; 2     ; Signed Integer                        ;
; v_active       ; 35    ; Signed Integer                        ;
; v_backporch    ; 515   ; Signed Integer                        ;
; v_total        ; 525   ; Signed Integer                        ;
+----------------+-------+---------------------------------------+
Note: In order to hide this table in the UI and the text report file, please set the "Show Parameter Settings in Synthesis Report" option in "Analysis and Synthesis Settings -> More Settings" to "Off".


+----------------------------------------------------------------------------------------------------------------------------+
; Port Connectivity Checks: "vga_ctrl:VGA_CTRL"                                                                              ;
+------------------+--------+----------+-------------------------------------------------------------------------------------+
; Port             ; Type   ; Severity ; Details                                                                             ;
+------------------+--------+----------+-------------------------------------------------------------------------------------+
; reset            ; Input  ; Info     ; Stuck at GND                                                                        ;
; vga_data[19..16] ; Input  ; Info     ; Stuck at GND                                                                        ;
; vga_data[11..8]  ; Input  ; Info     ; Stuck at GND                                                                        ;
; vga_data[3..0]   ; Input  ; Info     ; Stuck at GND                                                                        ;
; v_addr           ; Output ; Info     ; Connected to dangling logic. Logic that only feeds a dangling port will be removed. ;
+------------------+--------+----------+-------------------------------------------------------------------------------------+


+----------------------------------------------+
; Port Connectivity Checks: "clkgen:my_vgaclk" ;
+-------+-------+----------+-------------------+
; Port  ; Type  ; Severity ; Details           ;
+-------+-------+----------+-------------------+
; rst   ; Input ; Info     ; Stuck at GND      ;
; clken ; Input ; Info     ; Stuck at VCC      ;
+-------+-------+----------+-------------------+


+-----------------------------------------------------+
; Post-Synthesis Netlist Statistics for Top Partition ;
+-----------------------+-----------------------------+
; Type                  ; Count                       ;
+-----------------------+-----------------------------+
; arriav_ff             ; 65                          ;
;     ENA SCLR          ; 9                           ;
;     SCLR              ; 32                          ;
;     plain             ; 24                          ;
; arriav_lcell_comb     ; 90                          ;
;     arith             ; 52                          ;
;         1 data inputs ; 52                          ;
;     normal            ; 38                          ;
;         0 data inputs ; 1                           ;
;         2 data inputs ; 5                           ;
;         3 data inputs ; 5                           ;
;         4 data inputs ; 4                           ;
;         5 data inputs ; 9                           ;
;         6 data inputs ; 14                          ;
; boundary_port         ; 30                          ;
;                       ;                             ;
; Max LUT depth         ; 6.60                        ;
; Average LUT depth     ; 3.73                        ;
+-----------------------+-----------------------------+


+-------------------------------+
; Elapsed Time Per Partition    ;
+----------------+--------------+
; Partition Name ; Elapsed Time ;
+----------------+--------------+
; Top            ; 00:00:00     ;
+----------------+--------------+


+-------------------------------+
; Analysis & Synthesis Messages ;
+-------------------------------+
Info: *******************************************************************
Info: Running Quartus Prime Analysis & Synthesis
    Info: Version 17.1.0 Build 590 10/25/2017 SJ Lite Edition
    Info: Processing started: Sat Nov 10 20:50:28 2018
Info: Command: quartus_map --read_settings_files=on --write_settings_files=off exp09 -c exp09
Warning (18236): Number of processors has not been specified which may cause overloading on shared machines.  Set the global assignment NUM_PARALLEL_PROCESSORS in your QSF to an appropriate value for best performance.
Info (20030): Parallel compilation is enabled and will use 4 of the 4 processors detected
Info (12021): Found 1 design units, including 1 entities, in source file clkgen.v
    Info (12023): Found entity 1: clkgen File: D:/NJU/3rd semester/digital logical circuit experiments/exp09/clkgen.v Line: 1
Info (12021): Found 1 design units, including 1 entities, in source file vga_ctrl.v
    Info (12023): Found entity 1: vga_ctrl File: D:/NJU/3rd semester/digital logical circuit experiments/exp09/vga_ctrl.v Line: 1
Info (12021): Found 1 design units, including 1 entities, in source file exp09.v
    Info (12023): Found entity 1: exp09 File: D:/NJU/3rd semester/digital logical circuit experiments/exp09/exp09.v Line: 1
Info (12127): Elaborating entity "exp09" for the top level hierarchy
Info (12128): Elaborating entity "clkgen" for hierarchy "clkgen:my_vgaclk" File: D:/NJU/3rd semester/digital logical circuit experiments/exp09/exp09.v Line: 17
Info (12128): Elaborating entity "vga_ctrl" for hierarchy "vga_ctrl:VGA_CTRL" File: D:/NJU/3rd semester/digital logical circuit experiments/exp09/exp09.v Line: 31
Warning (10230): Verilog HDL assignment warning at vga_ctrl.v(50): truncated value with size 32 to match size of target (10) File: D:/NJU/3rd semester/digital logical circuit experiments/exp09/vga_ctrl.v Line: 50
Warning (13024): Output pins are stuck at VCC or GND
    Warning (13410): Pin "sync_n" is stuck at GND File: D:/NJU/3rd semester/digital logical circuit experiments/exp09/exp09.v Line: 5
    Warning (13410): Pin "vga_r[0]" is stuck at GND File: D:/NJU/3rd semester/digital logical circuit experiments/exp09/exp09.v Line: 7
    Warning (13410): Pin "vga_r[1]" is stuck at GND File: D:/NJU/3rd semester/digital logical circuit experiments/exp09/exp09.v Line: 7
    Warning (13410): Pin "vga_r[2]" is stuck at GND File: D:/NJU/3rd semester/digital logical circuit experiments/exp09/exp09.v Line: 7
    Warning (13410): Pin "vga_r[3]" is stuck at GND File: D:/NJU/3rd semester/digital logical circuit experiments/exp09/exp09.v Line: 7
    Warning (13410): Pin "vga_g[0]" is stuck at GND File: D:/NJU/3rd semester/digital logical circuit experiments/exp09/exp09.v Line: 8
    Warning (13410): Pin "vga_g[1]" is stuck at GND File: D:/NJU/3rd semester/digital logical circuit experiments/exp09/exp09.v Line: 8
    Warning (13410): Pin "vga_g[2]" is stuck at GND File: D:/NJU/3rd semester/digital logical circuit experiments/exp09/exp09.v Line: 8
    Warning (13410): Pin "vga_g[3]" is stuck at GND File: D:/NJU/3rd semester/digital logical circuit experiments/exp09/exp09.v Line: 8
    Warning (13410): Pin "vga_b[0]" is stuck at GND File: D:/NJU/3rd semester/digital logical circuit experiments/exp09/exp09.v Line: 9
    Warning (13410): Pin "vga_b[1]" is stuck at GND File: D:/NJU/3rd semester/digital logical circuit experiments/exp09/exp09.v Line: 9
    Warning (13410): Pin "vga_b[2]" is stuck at GND File: D:/NJU/3rd semester/digital logical circuit experiments/exp09/exp09.v Line: 9
    Warning (13410): Pin "vga_b[3]" is stuck at GND File: D:/NJU/3rd semester/digital logical circuit experiments/exp09/exp09.v Line: 9
Info (286030): Timing-Driven Synthesis is running
Info (16010): Generating hard_block partition "hard_block:auto_generated_inst"
    Info (16011): Adding 0 node(s), including 0 DDIO, 0 PLL, 0 transceiver and 0 LCELL
Info (21057): Implemented 163 device resources after synthesis - the final resource count might be different
    Info (21058): Implemented 1 input pins
    Info (21059): Implemented 29 output pins
    Info (21061): Implemented 133 logic cells
Info: Quartus Prime Analysis & Synthesis was successful. 0 errors, 16 warnings
    Info: Peak virtual memory: 4850 megabytes
    Info: Processing ended: Sat Nov 10 20:50:41 2018
    Info: Elapsed time: 00:00:13
    Info: Total CPU time (on all processors): 00:00:27


