Analysis & Elaboration report for lab11
Sun Dec 23 15:36:31 2018
Quartus Prime Version 17.1.0 Build 590 10/25/2017 SJ Lite Edition


---------------------
; Table of Contents ;
---------------------
  1. Legal Notice
  2. Analysis & Elaboration Summary
  3. Parallel Compilation
  4. Parameter Settings for User Entity Instance: screen:myscreen|clkgen:my_vgaclk
  5. Parameter Settings for User Entity Instance: screen:myscreen|vga_ctrl:VGA_CTRL
  6. Analysis & Elaboration Settings
  7. Port Connectivity Checks: "screen:myscreen|screen_ram:my_sr"
  8. Port Connectivity Checks: "screen:myscreen|vga_ctrl:VGA_CTRL"
  9. Port Connectivity Checks: "screen:myscreen|clkgen:my_vgaclk"
 10. Analysis & Elaboration Messages



----------------
; Legal Notice ;
----------------
Copyright (C) 2017  Intel Corporation. All rights reserved.
Your use of Intel Corporation's design tools, logic functions 
and other software and tools, and its AMPP partner logic 
functions, and any output files from any of the foregoing 
(including device programming or simulation files), and any 
associated documentation or information are expressly subject 
to the terms and conditions of the Intel Program License 
Subscription Agreement, the Intel Quartus Prime License Agreement,
the Intel FPGA IP License Agreement, or other applicable license
agreement, including, without limitation, that your use is for
the sole purpose of programming logic devices manufactured by
Intel and sold by Intel or its authorized distributors.  Please
refer to the applicable agreement for further details.



+-----------------------------------------------------------------------------+
; Analysis & Elaboration Summary                                              ;
+-------------------------------+---------------------------------------------+
; Analysis & Elaboration Status ; Successful - Sun Dec 23 15:36:31 2018       ;
; Quartus Prime Version         ; 17.1.0 Build 590 10/25/2017 SJ Lite Edition ;
; Revision Name                 ; lab11                                       ;
; Top-level Entity Name         ; lab11                                       ;
; Family                        ; Cyclone V                                   ;
; Logic utilization (in ALMs)   ; N/A until Partition Merge                   ;
; Total registers               ; N/A until Partition Merge                   ;
; Total pins                    ; N/A until Partition Merge                   ;
; Total virtual pins            ; N/A until Partition Merge                   ;
; Total block memory bits       ; N/A until Partition Merge                   ;
; Total PLLs                    ; N/A until Partition Merge                   ;
; Total DLLs                    ; N/A until Partition Merge                   ;
+-------------------------------+---------------------------------------------+


+------------------------------------------+
; Parallel Compilation                     ;
+----------------------------+-------------+
; Processors                 ; Number      ;
+----------------------------+-------------+
; Number detected on machine ; 8           ;
; Maximum allowed            ; 4           ;
;                            ;             ;
; Average used               ; 1.00        ;
; Maximum used               ; 1           ;
;                            ;             ;
; Usage by Processor         ; % Time Used ;
;     Processor 1            ; 100.0%      ;
+----------------------------+-------------+


+-------------------------------------------------------------------------------+
; Parameter Settings for User Entity Instance: screen:myscreen|clkgen:my_vgaclk ;
+----------------+----------+---------------------------------------------------+
; Parameter Name ; Value    ; Type                                              ;
+----------------+----------+---------------------------------------------------+
; clk_freq       ; 25000000 ; Signed Integer                                    ;
; countlimit     ; 1        ; Signed Integer                                    ;
+----------------+----------+---------------------------------------------------+
Note: In order to hide this table in the UI and the text report file, please set the "Show Parameter Settings in Synthesis Report" option in "Analysis and Synthesis Settings -> More Settings" to "Off".


+--------------------------------------------------------------------------------+
; Parameter Settings for User Entity Instance: screen:myscreen|vga_ctrl:VGA_CTRL ;
+----------------+-------+-------------------------------------------------------+
; Parameter Name ; Value ; Type                                                  ;
+----------------+-------+-------------------------------------------------------+
; h_frontporch   ; 96    ; Signed Integer                                        ;
; h_active       ; 144   ; Signed Integer                                        ;
; h_backporch    ; 784   ; Signed Integer                                        ;
; h_total        ; 800   ; Signed Integer                                        ;
; v_frontporch   ; 2     ; Signed Integer                                        ;
; v_active       ; 35    ; Signed Integer                                        ;
; v_backporch    ; 515   ; Signed Integer                                        ;
; v_total        ; 525   ; Signed Integer                                        ;
+----------------+-------+-------------------------------------------------------+
Note: In order to hide this table in the UI and the text report file, please set the "Show Parameter Settings in Synthesis Report" option in "Analysis and Synthesis Settings -> More Settings" to "Off".


+---------------------------------------------------------------------------------------------------------------------------+
; Analysis & Elaboration Settings                                                                                           ;
+---------------------------------------------------------------------------------+--------------------+--------------------+
; Option                                                                          ; Setting            ; Default Value      ;
+---------------------------------------------------------------------------------+--------------------+--------------------+
; Device                                                                          ; 5CSXFC6D6F31C6     ;                    ;
; Top-level entity name                                                           ; lab11              ; lab11              ;
; Family name                                                                     ; Cyclone V          ; Cyclone V          ;
; Use smart compilation                                                           ; Off                ; Off                ;
; Enable parallel Assembler and TimeQuest Timing Analyzer during compilation      ; On                 ; On                 ;
; Enable compact report table                                                     ; Off                ; Off                ;
; Restructure Multiplexers                                                        ; Auto               ; Auto               ;
; MLAB Add Timing Constraints For Mixed-Port Feed-Through Mode Setting Don't Care ; Off                ; Off                ;
; Create Debugging Nodes for IP Cores                                             ; Off                ; Off                ;
; Preserve fewer node names                                                       ; On                 ; On                 ;
; Intel FPGA IP Evaluation Mode                                                   ; Enable             ; Enable             ;
; Verilog Version                                                                 ; Verilog_2001       ; Verilog_2001       ;
; VHDL Version                                                                    ; VHDL_1993          ; VHDL_1993          ;
; State Machine Processing                                                        ; Auto               ; Auto               ;
; Safe State Machine                                                              ; Off                ; Off                ;
; Extract Verilog State Machines                                                  ; On                 ; On                 ;
; Extract VHDL State Machines                                                     ; On                 ; On                 ;
; Ignore Verilog initial constructs                                               ; Off                ; Off                ;
; Iteration limit for constant Verilog loops                                      ; 5000               ; 5000               ;
; Iteration limit for non-constant Verilog loops                                  ; 250                ; 250                ;
; Add Pass-Through Logic to Inferred RAMs                                         ; On                 ; On                 ;
; Infer RAMs from Raw Logic                                                       ; On                 ; On                 ;
; Parallel Synthesis                                                              ; On                 ; On                 ;
; DSP Block Balancing                                                             ; Auto               ; Auto               ;
; NOT Gate Push-Back                                                              ; On                 ; On                 ;
; Power-Up Don't Care                                                             ; On                 ; On                 ;
; Remove Redundant Logic Cells                                                    ; Off                ; Off                ;
; Remove Duplicate Registers                                                      ; On                 ; On                 ;
; Ignore CARRY Buffers                                                            ; Off                ; Off                ;
; Ignore CASCADE Buffers                                                          ; Off                ; Off                ;
; Ignore GLOBAL Buffers                                                           ; Off                ; Off                ;
; Ignore ROW GLOBAL Buffers                                                       ; Off                ; Off                ;
; Ignore LCELL Buffers                                                            ; Off                ; Off                ;
; Ignore SOFT Buffers                                                             ; On                 ; On                 ;
; Limit AHDL Integers to 32 Bits                                                  ; Off                ; Off                ;
; Optimization Technique                                                          ; Balanced           ; Balanced           ;
; Carry Chain Length                                                              ; 70                 ; 70                 ;
; Auto Carry Chains                                                               ; On                 ; On                 ;
; Auto Open-Drain Pins                                                            ; On                 ; On                 ;
; Perform WYSIWYG Primitive Resynthesis                                           ; Off                ; Off                ;
; Auto ROM Replacement                                                            ; On                 ; On                 ;
; Auto RAM Replacement                                                            ; On                 ; On                 ;
; Auto DSP Block Replacement                                                      ; On                 ; On                 ;
; Auto Shift Register Replacement                                                 ; Auto               ; Auto               ;
; Allow Shift Register Merging across Hierarchies                                 ; Auto               ; Auto               ;
; Auto Clock Enable Replacement                                                   ; On                 ; On                 ;
; Strict RAM Replacement                                                          ; Off                ; Off                ;
; Allow Synchronous Control Signals                                               ; On                 ; On                 ;
; Force Use of Synchronous Clear Signals                                          ; Off                ; Off                ;
; Auto Resource Sharing                                                           ; Off                ; Off                ;
; Allow Any RAM Size For Recognition                                              ; Off                ; Off                ;
; Allow Any ROM Size For Recognition                                              ; Off                ; Off                ;
; Allow Any Shift Register Size For Recognition                                   ; Off                ; Off                ;
; Use LogicLock Constraints during Resource Balancing                             ; On                 ; On                 ;
; Ignore translate_off and synthesis_off directives                               ; Off                ; Off                ;
; Timing-Driven Synthesis                                                         ; On                 ; On                 ;
; Report Parameter Settings                                                       ; On                 ; On                 ;
; Report Source Assignments                                                       ; On                 ; On                 ;
; Report Connectivity Checks                                                      ; On                 ; On                 ;
; Ignore Maximum Fan-Out Assignments                                              ; Off                ; Off                ;
; Synchronization Register Chain Length                                           ; 3                  ; 3                  ;
; Power Optimization During Synthesis                                             ; Normal compilation ; Normal compilation ;
; HDL message level                                                               ; Level2             ; Level2             ;
; Suppress Register Optimization Related Messages                                 ; Off                ; Off                ;
; Number of Removed Registers Reported in Synthesis Report                        ; 5000               ; 5000               ;
; Number of Swept Nodes Reported in Synthesis Report                              ; 5000               ; 5000               ;
; Number of Inverted Registers Reported in Synthesis Report                       ; 100                ; 100                ;
; Clock MUX Protection                                                            ; On                 ; On                 ;
; Auto Gated Clock Conversion                                                     ; Off                ; Off                ;
; Block Design Naming                                                             ; Auto               ; Auto               ;
; SDC constraint protection                                                       ; Off                ; Off                ;
; Synthesis Effort                                                                ; Auto               ; Auto               ;
; Shift Register Replacement - Allow Asynchronous Clear Signal                    ; On                 ; On                 ;
; Pre-Mapping Resynthesis Optimization                                            ; Off                ; Off                ;
; Analysis & Synthesis Message Level                                              ; Medium             ; Medium             ;
; Disable Register Merging Across Hierarchies                                     ; Auto               ; Auto               ;
; Resource Aware Inference For Block RAM                                          ; On                 ; On                 ;
; Automatic Parallel Synthesis                                                    ; On                 ; On                 ;
; Partial Reconfiguration Bitstream ID                                            ; Off                ; Off                ;
+---------------------------------------------------------------------------------+--------------------+--------------------+


+---------------------------------------------------------------------------------------------------------------------------------------------------------------------------------+
; Port Connectivity Checks: "screen:myscreen|screen_ram:my_sr"                                                                                                                    ;
+----------------+-------+----------+---------------------------------------------------------------------------------------------------------------------------------------------+
; Port           ; Type  ; Severity ; Details                                                                                                                                     ;
+----------------+-------+----------+---------------------------------------------------------------------------------------------------------------------------------------------+
; row_addr[7..6] ; Input ; Info     ; Stuck at GND                                                                                                                                ;
; din            ; Input ; Warning  ; Input port expression (1 bits) is smaller than the input port (8 bits) it drives.  Extra input bit(s) "din[7..1]" will be connected to GND. ;
+----------------+-------+----------+---------------------------------------------------------------------------------------------------------------------------------------------+


+---------------------------------------------------------------+
; Port Connectivity Checks: "screen:myscreen|vga_ctrl:VGA_CTRL" ;
+-------+-------+----------+------------------------------------+
; Port  ; Type  ; Severity ; Details                            ;
+-------+-------+----------+------------------------------------+
; reset ; Input ; Info     ; Stuck at GND                       ;
+-------+-------+----------+------------------------------------+


+--------------------------------------------------------------+
; Port Connectivity Checks: "screen:myscreen|clkgen:my_vgaclk" ;
+-------+-------+----------+-----------------------------------+
; Port  ; Type  ; Severity ; Details                           ;
+-------+-------+----------+-----------------------------------+
; rst   ; Input ; Info     ; Stuck at GND                      ;
; clken ; Input ; Info     ; Stuck at VCC                      ;
+-------+-------+----------+-----------------------------------+


+---------------------------------+
; Analysis & Elaboration Messages ;
+---------------------------------+
Info: *******************************************************************
Info: Running Quartus Prime Analysis & Elaboration
    Info: Version 17.1.0 Build 590 10/25/2017 SJ Lite Edition
    Info: Processing started: Sun Dec 23 15:36:19 2018
Info: Command: quartus_map --read_settings_files=on --write_settings_files=off lab11 -c lab11 --analysis_and_elaboration
Warning (18236): Number of processors has not been specified which may cause overloading on shared machines.  Set the global assignment NUM_PARALLEL_PROCESSORS in your QSF to an appropriate value for best performance.
Info (20030): Parallel compilation is enabled and will use 4 of the 4 processors detected
Info (12021): Found 1 design units, including 1 entities, in source file lab11.v
    Info (12023): Found entity 1: lab11 File: D:/NJU/Digital Design Practices/workplace/exp12_MusicPlayer/lab11/lab11.v Line: 1
Info (12021): Found 1 design units, including 1 entities, in source file screen_ram.v
    Info (12023): Found entity 1: screen_ram File: D:/NJU/Digital Design Practices/workplace/exp12_MusicPlayer/lab11/screen_ram.v Line: 1
Warning (10463): Verilog HDL Declaration warning at vga_font_rom.v(5): "bit" is SystemVerilog-2005 keyword File: D:/NJU/Digital Design Practices/workplace/exp12_MusicPlayer/lab11/vga_font_rom.v Line: 5
Info (12021): Found 1 design units, including 1 entities, in source file vga_font_rom.v
    Info (12023): Found entity 1: vga_font_rom File: D:/NJU/Digital Design Practices/workplace/exp12_MusicPlayer/lab11/vga_font_rom.v Line: 1
Warning (10463): Verilog HDL Declaration warning at screen.v(38): "bit" is SystemVerilog-2005 keyword File: D:/NJU/Digital Design Practices/workplace/exp12_MusicPlayer/lab11/screen.v Line: 38
Warning (10275): Verilog HDL Module Instantiation warning at screen.v(90): ignored dangling comma in List of Port Connections File: D:/NJU/Digital Design Practices/workplace/exp12_MusicPlayer/lab11/screen.v Line: 90
Info (12021): Found 1 design units, including 1 entities, in source file screen.v
    Info (12023): Found entity 1: screen File: D:/NJU/Digital Design Practices/workplace/exp12_MusicPlayer/lab11/screen.v Line: 1
Info (12021): Found 1 design units, including 1 entities, in source file clkgen.v
    Info (12023): Found entity 1: clkgen File: D:/NJU/Digital Design Practices/workplace/exp12_MusicPlayer/lab11/clkgen.v Line: 1
Info (12021): Found 1 design units, including 1 entities, in source file vga_ctrl.v
    Info (12023): Found entity 1: vga_ctrl File: D:/NJU/Digital Design Practices/workplace/exp12_MusicPlayer/lab11/vga_ctrl.v Line: 1
Warning (10236): Verilog HDL Implicit Net warning at screen.v(76): created implicit net for "assic" File: D:/NJU/Digital Design Practices/workplace/exp12_MusicPlayer/lab11/screen.v Line: 76
Info (12127): Elaborating entity "lab11" for the top level hierarchy
Info (12128): Elaborating entity "screen" for hierarchy "screen:myscreen" File: D:/NJU/Digital Design Practices/workplace/exp12_MusicPlayer/lab11/lab11.v Line: 50
Warning (10230): Verilog HDL assignment warning at screen.v(19): truncated value with size 32 to match size of target (10) File: D:/NJU/Digital Design Practices/workplace/exp12_MusicPlayer/lab11/screen.v Line: 19
Warning (10230): Verilog HDL assignment warning at screen.v(25): truncated value with size 32 to match size of target (8) File: D:/NJU/Digital Design Practices/workplace/exp12_MusicPlayer/lab11/screen.v Line: 25
Warning (10230): Verilog HDL assignment warning at screen.v(26): truncated value with size 32 to match size of target (8) File: D:/NJU/Digital Design Practices/workplace/exp12_MusicPlayer/lab11/screen.v Line: 26
Warning (10230): Verilog HDL assignment warning at screen.v(27): truncated value with size 32 to match size of target (4) File: D:/NJU/Digital Design Practices/workplace/exp12_MusicPlayer/lab11/screen.v Line: 27
Warning (10230): Verilog HDL assignment warning at screen.v(28): truncated value with size 32 to match size of target (4) File: D:/NJU/Digital Design Practices/workplace/exp12_MusicPlayer/lab11/screen.v Line: 28
Warning (10230): Verilog HDL assignment warning at screen.v(51): truncated value with size 32 to match size of target (12) File: D:/NJU/Digital Design Practices/workplace/exp12_MusicPlayer/lab11/screen.v Line: 51
Info (12128): Elaborating entity "clkgen" for hierarchy "screen:myscreen|clkgen:my_vgaclk" File: D:/NJU/Digital Design Practices/workplace/exp12_MusicPlayer/lab11/screen.v Line: 54
Info (12128): Elaborating entity "vga_ctrl" for hierarchy "screen:myscreen|vga_ctrl:VGA_CTRL" File: D:/NJU/Digital Design Practices/workplace/exp12_MusicPlayer/lab11/screen.v Line: 68
Warning (10230): Verilog HDL assignment warning at vga_ctrl.v(50): truncated value with size 32 to match size of target (10) File: D:/NJU/Digital Design Practices/workplace/exp12_MusicPlayer/lab11/vga_ctrl.v Line: 50
Info (12128): Elaborating entity "screen_ram" for hierarchy "screen:myscreen|screen_ram:my_sr" File: D:/NJU/Digital Design Practices/workplace/exp12_MusicPlayer/lab11/screen.v Line: 83
Warning (10230): Verilog HDL assignment warning at screen_ram.v(32): truncated value with size 32 to match size of target (6) File: D:/NJU/Digital Design Practices/workplace/exp12_MusicPlayer/lab11/screen_ram.v Line: 32
Warning (10230): Verilog HDL assignment warning at screen_ram.v(33): truncated value with size 32 to match size of target (4) File: D:/NJU/Digital Design Practices/workplace/exp12_MusicPlayer/lab11/screen_ram.v Line: 33
Warning (10230): Verilog HDL assignment warning at screen_ram.v(34): truncated value with size 32 to match size of target (4) File: D:/NJU/Digital Design Practices/workplace/exp12_MusicPlayer/lab11/screen_ram.v Line: 34
Warning (10855): Verilog HDL warning at screen_ram.v(40): initial value for variable ram should be constant File: D:/NJU/Digital Design Practices/workplace/exp12_MusicPlayer/lab11/screen_ram.v Line: 40
Warning (10030): Net "ram[2099..1960]" at screen_ram.v(29) has no driver or initial value, using a default initial value '0' File: D:/NJU/Digital Design Practices/workplace/exp12_MusicPlayer/lab11/screen_ram.v Line: 29
Warning (10030): Net "ram[1931..1411]" at screen_ram.v(29) has no driver or initial value, using a default initial value '0' File: D:/NJU/Digital Design Practices/workplace/exp12_MusicPlayer/lab11/screen_ram.v Line: 29
Warning (10030): Net "ram[1401..1338]" at screen_ram.v(29) has no driver or initial value, using a default initial value '0' File: D:/NJU/Digital Design Practices/workplace/exp12_MusicPlayer/lab11/screen_ram.v Line: 29
Warning (10030): Net "ram[1331..1266]" at screen_ram.v(29) has no driver or initial value, using a default initial value '0' File: D:/NJU/Digital Design Practices/workplace/exp12_MusicPlayer/lab11/screen_ram.v Line: 29
Warning (10030): Net "ram[1261..1064]" at screen_ram.v(29) has no driver or initial value, using a default initial value '0' File: D:/NJU/Digital Design Practices/workplace/exp12_MusicPlayer/lab11/screen_ram.v Line: 29
Warning (10030): Net "ram[1051..0]" at screen_ram.v(29) has no driver or initial value, using a default initial value '0' File: D:/NJU/Digital Design Practices/workplace/exp12_MusicPlayer/lab11/screen_ram.v Line: 29
Info (12128): Elaborating entity "vga_font_rom" for hierarchy "screen:myscreen|vga_font_rom:my_vfr" File: D:/NJU/Digital Design Practices/workplace/exp12_MusicPlayer/lab11/screen.v Line: 90
Warning (10030): Net "rom.data_a" at vga_font_rom.v(8) has no driver or initial value, using a default initial value '0' File: D:/NJU/Digital Design Practices/workplace/exp12_MusicPlayer/lab11/vga_font_rom.v Line: 8
Warning (10030): Net "rom.waddr_a" at vga_font_rom.v(8) has no driver or initial value, using a default initial value '0' File: D:/NJU/Digital Design Practices/workplace/exp12_MusicPlayer/lab11/vga_font_rom.v Line: 8
Warning (10030): Net "rom.we_a" at vga_font_rom.v(8) has no driver or initial value, using a default initial value '0' File: D:/NJU/Digital Design Practices/workplace/exp12_MusicPlayer/lab11/vga_font_rom.v Line: 8
Warning (12241): 1 hierarchies have connectivity warnings - see the Connectivity Checks report folder
Info: Quartus Prime Analysis & Elaboration was successful. 0 errors, 26 warnings
    Info: Peak virtual memory: 4805 megabytes
    Info: Processing ended: Sun Dec 23 15:36:31 2018
    Info: Elapsed time: 00:00:12
    Info: Total CPU time (on all processors): 00:00:29


