Analysis & Synthesis report for lab09
Sat Nov 10 20:17:46 2018
Quartus Prime Version 17.1.0 Build 590 10/25/2017 SJ Lite Edition


---------------------
; Table of Contents ;
---------------------
  1. Legal Notice
  2. Analysis & Synthesis Summary
  3. Analysis & Synthesis Settings
  4. Parallel Compilation
  5. Analysis & Synthesis Source Files Read
  6. Analysis & Synthesis Resource Usage Summary
  7. Analysis & Synthesis Resource Utilization by Entity
  8. Analysis & Synthesis RAM Summary
  9. Analysis & Synthesis IP Cores Summary
 10. General Register Statistics
 11. Multiplexer Restructuring Statistics (Restructuring Performed)
 12. Source assignments for rom:myrom|altsyncram:altsyncram_component|altsyncram_bvg1:auto_generated
 13. Parameter Settings for User Entity Instance: clkgen:my_vgaclk
 14. Parameter Settings for User Entity Instance: vga_ctrl:VGA_CTRL
 15. Parameter Settings for User Entity Instance: rom:myrom|altsyncram:altsyncram_component
 16. altsyncram Parameter Settings by Entity Instance
 17. Port Connectivity Checks: "vga_ctrl:VGA_CTRL"
 18. Port Connectivity Checks: "clkgen:my_vgaclk"
 19. Post-Synthesis Netlist Statistics for Top Partition
 20. Elapsed Time Per Partition
 21. Analysis & Synthesis Messages



----------------
; Legal Notice ;
----------------
Copyright (C) 2017  Intel Corporation. All rights reserved.
Your use of Intel Corporation's design tools, logic functions 
and other software and tools, and its AMPP partner logic 
functions, and any output files from any of the foregoing 
(including device programming or simulation files), and any 
associated documentation or information are expressly subject 
to the terms and conditions of the Intel Program License 
Subscription Agreement, the Intel Quartus Prime License Agreement,
the Intel FPGA IP License Agreement, or other applicable license
agreement, including, without limitation, that your use is for
the sole purpose of programming logic devices manufactured by
Intel and sold by Intel or its authorized distributors.  Please
refer to the applicable agreement for further details.



+-------------------------------------------------------------------------------+
; Analysis & Synthesis Summary                                                  ;
+---------------------------------+---------------------------------------------+
; Analysis & Synthesis Status     ; Successful - Sat Nov 10 20:17:46 2018       ;
; Quartus Prime Version           ; 17.1.0 Build 590 10/25/2017 SJ Lite Edition ;
; Revision Name                   ; lab09                                       ;
; Top-level Entity Name           ; lab09                                       ;
; Family                          ; Cyclone V                                   ;
; Logic utilization (in ALMs)     ; N/A                                         ;
; Total registers                 ; 59                                          ;
; Total pins                      ; 30                                          ;
; Total virtual pins              ; 0                                           ;
; Total block memory bits         ; 3,932,160                                   ;
; Total DSP Blocks                ; 0                                           ;
; Total HSSI RX PCSs              ; 0                                           ;
; Total HSSI PMA RX Deserializers ; 0                                           ;
; Total HSSI TX PCSs              ; 0                                           ;
; Total HSSI PMA TX Serializers   ; 0                                           ;
; Total PLLs                      ; 0                                           ;
; Total DLLs                      ; 0                                           ;
+---------------------------------+---------------------------------------------+


+---------------------------------------------------------------------------------------------------------------------------+
; Analysis & Synthesis Settings                                                                                             ;
+---------------------------------------------------------------------------------+--------------------+--------------------+
; Option                                                                          ; Setting            ; Default Value      ;
+---------------------------------------------------------------------------------+--------------------+--------------------+
; Device                                                                          ; 5CSXFC6D6F31C6     ;                    ;
; Top-level entity name                                                           ; lab09              ; lab09              ;
; Family name                                                                     ; Cyclone V          ; Cyclone V          ;
; Use smart compilation                                                           ; Off                ; Off                ;
; Enable parallel Assembler and TimeQuest Timing Analyzer during compilation      ; On                 ; On                 ;
; Enable compact report table                                                     ; Off                ; Off                ;
; Restructure Multiplexers                                                        ; Auto               ; Auto               ;
; MLAB Add Timing Constraints For Mixed-Port Feed-Through Mode Setting Don't Care ; Off                ; Off                ;
; Create Debugging Nodes for IP Cores                                             ; Off                ; Off                ;
; Preserve fewer node names                                                       ; On                 ; On                 ;
; Intel FPGA IP Evaluation Mode                                                   ; Enable             ; Enable             ;
; Verilog Version                                                                 ; Verilog_2001       ; Verilog_2001       ;
; VHDL Version                                                                    ; VHDL_1993          ; VHDL_1993          ;
; State Machine Processing                                                        ; Auto               ; Auto               ;
; Safe State Machine                                                              ; Off                ; Off                ;
; Extract Verilog State Machines                                                  ; On                 ; On                 ;
; Extract VHDL State Machines                                                     ; On                 ; On                 ;
; Ignore Verilog initial constructs                                               ; Off                ; Off                ;
; Iteration limit for constant Verilog loops                                      ; 5000               ; 5000               ;
; Iteration limit for non-constant Verilog loops                                  ; 250                ; 250                ;
; Add Pass-Through Logic to Inferred RAMs                                         ; On                 ; On                 ;
; Infer RAMs from Raw Logic                                                       ; On                 ; On                 ;
; Parallel Synthesis                                                              ; On                 ; On                 ;
; DSP Block Balancing                                                             ; Auto               ; Auto               ;
; NOT Gate Push-Back                                                              ; On                 ; On                 ;
; Power-Up Don't Care                                                             ; On                 ; On                 ;
; Remove Redundant Logic Cells                                                    ; Off                ; Off                ;
; Remove Duplicate Registers                                                      ; On                 ; On                 ;
; Ignore CARRY Buffers                                                            ; Off                ; Off                ;
; Ignore CASCADE Buffers                                                          ; Off                ; Off                ;
; Ignore GLOBAL Buffers                                                           ; Off                ; Off                ;
; Ignore ROW GLOBAL Buffers                                                       ; Off                ; Off                ;
; Ignore LCELL Buffers                                                            ; Off                ; Off                ;
; Ignore SOFT Buffers                                                             ; On                 ; On                 ;
; Limit AHDL Integers to 32 Bits                                                  ; Off                ; Off                ;
; Optimization Technique                                                          ; Balanced           ; Balanced           ;
; Carry Chain Length                                                              ; 70                 ; 70                 ;
; Auto Carry Chains                                                               ; On                 ; On                 ;
; Auto Open-Drain Pins                                                            ; On                 ; On                 ;
; Perform WYSIWYG Primitive Resynthesis                                           ; Off                ; Off                ;
; Auto ROM Replacement                                                            ; On                 ; On                 ;
; Auto RAM Replacement                                                            ; On                 ; On                 ;
; Auto DSP Block Replacement                                                      ; On                 ; On                 ;
; Auto Shift Register Replacement                                                 ; Auto               ; Auto               ;
; Allow Shift Register Merging across Hierarchies                                 ; Auto               ; Auto               ;
; Auto Clock Enable Replacement                                                   ; On                 ; On                 ;
; Strict RAM Replacement                                                          ; Off                ; Off                ;
; Allow Synchronous Control Signals                                               ; On                 ; On                 ;
; Force Use of Synchronous Clear Signals                                          ; Off                ; Off                ;
; Auto Resource Sharing                                                           ; Off                ; Off                ;
; Allow Any RAM Size For Recognition                                              ; Off                ; Off                ;
; Allow Any ROM Size For Recognition                                              ; Off                ; Off                ;
; Allow Any Shift Register Size For Recognition                                   ; Off                ; Off                ;
; Use LogicLock Constraints during Resource Balancing                             ; On                 ; On                 ;
; Ignore translate_off and synthesis_off directives                               ; Off                ; Off                ;
; Timing-Driven Synthesis                                                         ; On                 ; On                 ;
; Report Parameter Settings                                                       ; On                 ; On                 ;
; Report Source Assignments                                                       ; On                 ; On                 ;
; Report Connectivity Checks                                                      ; On                 ; On                 ;
; Ignore Maximum Fan-Out Assignments                                              ; Off                ; Off                ;
; Synchronization Register Chain Length                                           ; 3                  ; 3                  ;
; Power Optimization During Synthesis                                             ; Normal compilation ; Normal compilation ;
; HDL message level                                                               ; Level2             ; Level2             ;
; Suppress Register Optimization Related Messages                                 ; Off                ; Off                ;
; Number of Removed Registers Reported in Synthesis Report                        ; 5000               ; 5000               ;
; Number of Swept Nodes Reported in Synthesis Report                              ; 5000               ; 5000               ;
; Number of Inverted Registers Reported in Synthesis Report                       ; 100                ; 100                ;
; Clock MUX Protection                                                            ; On                 ; On                 ;
; Auto Gated Clock Conversion                                                     ; Off                ; Off                ;
; Block Design Naming                                                             ; Auto               ; Auto               ;
; SDC constraint protection                                                       ; Off                ; Off                ;
; Synthesis Effort                                                                ; Auto               ; Auto               ;
; Shift Register Replacement - Allow Asynchronous Clear Signal                    ; On                 ; On                 ;
; Pre-Mapping Resynthesis Optimization                                            ; Off                ; Off                ;
; Analysis & Synthesis Message Level                                              ; Medium             ; Medium             ;
; Disable Register Merging Across Hierarchies                                     ; Auto               ; Auto               ;
; Resource Aware Inference For Block RAM                                          ; On                 ; On                 ;
; Automatic Parallel Synthesis                                                    ; On                 ; On                 ;
; Partial Reconfiguration Bitstream ID                                            ; Off                ; Off                ;
+---------------------------------------------------------------------------------+--------------------+--------------------+


+------------------------------------------+
; Parallel Compilation                     ;
+----------------------------+-------------+
; Processors                 ; Number      ;
+----------------------------+-------------+
; Number detected on machine ; 8           ;
; Maximum allowed            ; 4           ;
;                            ;             ;
; Average used               ; 1.00        ;
; Maximum used               ; 4           ;
;                            ;             ;
; Usage by Processor         ; % Time Used ;
;     Processor 1            ; 100.0%      ;
;     Processor 2            ;   0.0%      ;
;     Processor 3            ;   0.0%      ;
;     Processor 4            ;   0.0%      ;
+----------------------------+-------------+


+----------------------------------------------------------------------------------------------------------------------------------------------------------------------------------------------+
; Analysis & Synthesis Source Files Read                                                                                                                                                       ;
+----------------------------------+-----------------+----------------------------------------+--------------------------------------------------------------------------------------+---------+
; File Name with User-Entered Path ; Used in Netlist ; File Type                              ; File Name with Absolute Path                                                         ; Library ;
+----------------------------------+-----------------+----------------------------------------+--------------------------------------------------------------------------------------+---------+
; clkgen.v                         ; yes             ; User Verilog HDL File                  ; D:/NJU/3rd semester/digital logical circuit experiments/lab09/clkgen.v               ;         ;
; vga_ctrl.v                       ; yes             ; User Verilog HDL File                  ; D:/NJU/3rd semester/digital logical circuit experiments/lab09/vga_ctrl.v             ;         ;
; lab09.v                          ; yes             ; User Verilog HDL File                  ; D:/NJU/3rd semester/digital logical circuit experiments/lab09/lab09.v                ;         ;
; rom.v                            ; yes             ; User Wizard-Generated File             ; D:/NJU/3rd semester/digital logical circuit experiments/lab09/rom.v                  ;         ;
; altsyncram.tdf                   ; yes             ; Megafunction                           ; d:/quartus/quartus/libraries/megafunctions/altsyncram.tdf                            ;         ;
; stratix_ram_block.inc            ; yes             ; Megafunction                           ; d:/quartus/quartus/libraries/megafunctions/stratix_ram_block.inc                     ;         ;
; lpm_mux.inc                      ; yes             ; Megafunction                           ; d:/quartus/quartus/libraries/megafunctions/lpm_mux.inc                               ;         ;
; lpm_decode.inc                   ; yes             ; Megafunction                           ; d:/quartus/quartus/libraries/megafunctions/lpm_decode.inc                            ;         ;
; aglobal171.inc                   ; yes             ; Megafunction                           ; d:/quartus/quartus/libraries/megafunctions/aglobal171.inc                            ;         ;
; a_rdenreg.inc                    ; yes             ; Megafunction                           ; d:/quartus/quartus/libraries/megafunctions/a_rdenreg.inc                             ;         ;
; altrom.inc                       ; yes             ; Megafunction                           ; d:/quartus/quartus/libraries/megafunctions/altrom.inc                                ;         ;
; altram.inc                       ; yes             ; Megafunction                           ; d:/quartus/quartus/libraries/megafunctions/altram.inc                                ;         ;
; altdpram.inc                     ; yes             ; Megafunction                           ; d:/quartus/quartus/libraries/megafunctions/altdpram.inc                              ;         ;
; db/altsyncram_bvg1.tdf           ; yes             ; Auto-Generated Megafunction            ; D:/NJU/3rd semester/digital logical circuit experiments/lab09/db/altsyncram_bvg1.tdf ;         ;
; my_picture.mif                   ; yes             ; Auto-Found Memory Initialization File  ; D:/NJU/3rd semester/digital logical circuit experiments/lab09/my_picture.mif         ;         ;
; db/decode_l2a.tdf                ; yes             ; Auto-Generated Megafunction            ; D:/NJU/3rd semester/digital logical circuit experiments/lab09/db/decode_l2a.tdf      ;         ;
; db/mux_nib.tdf                   ; yes             ; Auto-Generated Megafunction            ; D:/NJU/3rd semester/digital logical circuit experiments/lab09/db/mux_nib.tdf         ;         ;
+----------------------------------+-----------------+----------------------------------------+--------------------------------------------------------------------------------------+---------+


+---------------------------------------------------------+
; Analysis & Synthesis Resource Usage Summary             ;
+---------------------------------------------+-----------+
; Resource                                    ; Usage     ;
+---------------------------------------------+-----------+
; Estimate of Logic utilization (ALMs needed) ; 253       ;
;                                             ;           ;
; Combinational ALUT usage for logic          ; 328       ;
;     -- 7 input functions                    ; 0         ;
;     -- 6 input functions                    ; 178       ;
;     -- 5 input functions                    ; 24        ;
;     -- 4 input functions                    ; 48        ;
;     -- <=3 input functions                  ; 78        ;
;                                             ;           ;
; Dedicated logic registers                   ; 59        ;
;                                             ;           ;
; I/O pins                                    ; 30        ;
; Total MLAB memory bits                      ; 0         ;
; Total block memory bits                     ; 3932160   ;
;                                             ;           ;
; Total DSP Blocks                            ; 0         ;
;                                             ;           ;
; Maximum fan-out node                        ; clk~input ;
; Maximum fan-out                             ; 519       ;
; Total fan-out                               ; 8958      ;
; Average fan-out                             ; 9.66      ;
+---------------------------------------------+-----------+


+----------------------------------------------------------------------------------------------------------------------------------------------------------------------------------------------------------------------------------------------------------------------------------------------+
; Analysis & Synthesis Resource Utilization by Entity                                                                                                                                                                                                                                          ;
+-------------------------------------------+---------------------+---------------------------+-------------------+------------+------+--------------+--------------------------------------------------------------------------------------------------------+-----------------+--------------+
; Compilation Hierarchy Node                ; Combinational ALUTs ; Dedicated Logic Registers ; Block Memory Bits ; DSP Blocks ; Pins ; Virtual Pins ; Full Hierarchy Name                                                                                    ; Entity Name     ; Library Name ;
+-------------------------------------------+---------------------+---------------------------+-------------------+------------+------+--------------+--------------------------------------------------------------------------------------------------------+-----------------+--------------+
; |lab09                                    ; 328 (0)             ; 59 (0)                    ; 3932160           ; 0          ; 30   ; 0            ; |lab09                                                                                                 ; lab09           ; work         ;
;    |clkgen:my_vgaclk|                     ; 43 (43)             ; 33 (33)                   ; 0                 ; 0          ; 0    ; 0            ; |lab09|clkgen:my_vgaclk                                                                                ; clkgen          ; work         ;
;    |rom:myrom|                            ; 216 (0)             ; 6 (0)                     ; 3932160           ; 0          ; 0    ; 0            ; |lab09|rom:myrom                                                                                       ; rom             ; work         ;
;       |altsyncram:altsyncram_component|   ; 216 (0)             ; 6 (0)                     ; 3932160           ; 0          ; 0    ; 0            ; |lab09|rom:myrom|altsyncram:altsyncram_component                                                       ; altsyncram      ; work         ;
;          |altsyncram_bvg1:auto_generated| ; 216 (0)             ; 6 (6)                     ; 3932160           ; 0          ; 0    ; 0            ; |lab09|rom:myrom|altsyncram:altsyncram_component|altsyncram_bvg1:auto_generated                        ; altsyncram_bvg1 ; work         ;
;             |decode_l2a:rden_decode|      ; 47 (47)             ; 0 (0)                     ; 0                 ; 0          ; 0    ; 0            ; |lab09|rom:myrom|altsyncram:altsyncram_component|altsyncram_bvg1:auto_generated|decode_l2a:rden_decode ; decode_l2a      ; work         ;
;             |mux_nib:mux2|                ; 169 (169)           ; 0 (0)                     ; 0                 ; 0          ; 0    ; 0            ; |lab09|rom:myrom|altsyncram:altsyncram_component|altsyncram_bvg1:auto_generated|mux_nib:mux2           ; mux_nib         ; work         ;
;    |vga_ctrl:VGA_CTRL|                    ; 69 (69)             ; 20 (20)                   ; 0                 ; 0          ; 0    ; 0            ; |lab09|vga_ctrl:VGA_CTRL                                                                               ; vga_ctrl        ; work         ;
+-------------------------------------------+---------------------+---------------------------+-------------------+------------+------+--------------+--------------------------------------------------------------------------------------------------------+-----------------+--------------+
Note: For table entries with two numbers listed, the numbers in parentheses indicate the number of resources of the given type used by the specific entity alone. The numbers listed outside of parentheses indicate the total resources of the given type used by the specific entity and all of its sub-entities in the hierarchy.


+---------------------------------------------------------------------------------------------------------------------------------------------------------------------------------------------+
; Analysis & Synthesis RAM Summary                                                                                                                                                            ;
+-------------------------------------------------------------------------------------+------+------+--------------+--------------+--------------+--------------+---------+-------------------+
; Name                                                                                ; Type ; Mode ; Port A Depth ; Port A Width ; Port B Depth ; Port B Width ; Size    ; MIF               ;
+-------------------------------------------------------------------------------------+------+------+--------------+--------------+--------------+--------------+---------+-------------------+
; rom:myrom|altsyncram:altsyncram_component|altsyncram_bvg1:auto_generated|ALTSYNCRAM ; AUTO ; ROM  ; 327680       ; 12           ; --           ; --           ; 3932160 ; ../my_picture.mif ;
+-------------------------------------------------------------------------------------+------+------+--------------+--------------+--------------+--------------+---------+-------------------+


+----------------------------------------------------------------------------------------------------+
; Analysis & Synthesis IP Cores Summary                                                              ;
+--------+--------------+---------+--------------+--------------+------------------+-----------------+
; Vendor ; IP Core Name ; Version ; Release Date ; License Type ; Entity Instance  ; IP Include File ;
+--------+--------------+---------+--------------+--------------+------------------+-----------------+
; Altera ; ROM: 1-PORT  ; 17.1    ; N/A          ; N/A          ; |lab09|rom:myrom ; rom.v           ;
+--------+--------------+---------+--------------+--------------+------------------+-----------------+


+------------------------------------------------------+
; General Register Statistics                          ;
+----------------------------------------------+-------+
; Statistic                                    ; Value ;
+----------------------------------------------+-------+
; Total registers                              ; 59    ;
; Number of registers using Synchronous Clear  ; 41    ;
; Number of registers using Synchronous Load   ; 0     ;
; Number of registers using Asynchronous Clear ; 0     ;
; Number of registers using Asynchronous Load  ; 0     ;
; Number of registers using Clock Enable       ; 9     ;
; Number of registers using Preset             ; 0     ;
+----------------------------------------------+-------+


+---------------------------------------------------------------------------------------------------------------------------------------------------------------------------------------------------------------------------------+
; Multiplexer Restructuring Statistics (Restructuring Performed)                                                                                                                                                                  ;
+--------------------+-----------+---------------+----------------------+------------------------+------------+-------------------------------------------------------------------------------------------------------------------+
; Multiplexer Inputs ; Bus Width ; Baseline Area ; Area if Restructured ; Saving if Restructured ; Registered ; Example Multiplexer Output                                                                                        ;
+--------------------+-----------+---------------+----------------------+------------------------+------------+-------------------------------------------------------------------------------------------------------------------+
; 3:1                ; 9 bits    ; 18 LEs        ; 0 LEs                ; 18 LEs                 ; Yes        ; |lab09|vga_ctrl:VGA_CTRL|y_cnt[1]                                                                                 ;
; 8:1                ; 12 bits   ; 60 LEs        ; 60 LEs               ; 0 LEs                  ; No         ; |lab09|rom:myrom|altsyncram:altsyncram_component|altsyncram_bvg1:auto_generated|mux_nib:mux2|l3_w3_n4_mux_dataout ;
; 33:1               ; 12 bits   ; 264 LEs       ; 264 LEs              ; 0 LEs                  ; No         ; |lab09|rom:myrom|altsyncram:altsyncram_component|altsyncram_bvg1:auto_generated|mux_nib:mux2|l6_w9_n0_mux_dataout ;
+--------------------+-----------+---------------+----------------------+------------------------+------------+-------------------------------------------------------------------------------------------------------------------+


+-------------------------------------------------------------------------------------------------+
; Source assignments for rom:myrom|altsyncram:altsyncram_component|altsyncram_bvg1:auto_generated ;
+---------------------------------+--------------------+------+-----------------------------------+
; Assignment                      ; Value              ; From ; To                                ;
+---------------------------------+--------------------+------+-----------------------------------+
; OPTIMIZE_POWER_DURING_SYNTHESIS ; NORMAL_COMPILATION ; -    ; -                                 ;
+---------------------------------+--------------------+------+-----------------------------------+


+---------------------------------------------------------------+
; Parameter Settings for User Entity Instance: clkgen:my_vgaclk ;
+----------------+----------+-----------------------------------+
; Parameter Name ; Value    ; Type                              ;
+----------------+----------+-----------------------------------+
; clk_freq       ; 25000000 ; Signed Integer                    ;
; countlimit     ; 1        ; Signed Integer                    ;
+----------------+----------+-----------------------------------+
Note: In order to hide this table in the UI and the text report file, please set the "Show Parameter Settings in Synthesis Report" option in "Analysis and Synthesis Settings -> More Settings" to "Off".


+----------------------------------------------------------------+
; Parameter Settings for User Entity Instance: vga_ctrl:VGA_CTRL ;
+----------------+-------+---------------------------------------+
; Parameter Name ; Value ; Type                                  ;
+----------------+-------+---------------------------------------+
; h_frontporch   ; 96    ; Signed Integer                        ;
; h_active       ; 144   ; Signed Integer                        ;
; h_backporch    ; 784   ; Signed Integer                        ;
; h_total        ; 800   ; Signed Integer                        ;
; v_frontporch   ; 2     ; Signed Integer                        ;
; v_active       ; 35    ; Signed Integer                        ;
; v_backporch    ; 515   ; Signed Integer                        ;
; v_total        ; 525   ; Signed Integer                        ;
+----------------+-------+---------------------------------------+
Note: In order to hide this table in the UI and the text report file, please set the "Show Parameter Settings in Synthesis Report" option in "Analysis and Synthesis Settings -> More Settings" to "Off".


+----------------------------------------------------------------------------------------+
; Parameter Settings for User Entity Instance: rom:myrom|altsyncram:altsyncram_component ;
+------------------------------------+----------------------+----------------------------+
; Parameter Name                     ; Value                ; Type                       ;
+------------------------------------+----------------------+----------------------------+
; BYTE_SIZE_BLOCK                    ; 8                    ; Untyped                    ;
; AUTO_CARRY_CHAINS                  ; ON                   ; AUTO_CARRY                 ;
; IGNORE_CARRY_BUFFERS               ; OFF                  ; IGNORE_CARRY               ;
; AUTO_CASCADE_CHAINS                ; ON                   ; AUTO_CASCADE               ;
; IGNORE_CASCADE_BUFFERS             ; OFF                  ; IGNORE_CASCADE             ;
; WIDTH_BYTEENA                      ; 1                    ; Untyped                    ;
; OPERATION_MODE                     ; ROM                  ; Untyped                    ;
; WIDTH_A                            ; 12                   ; Signed Integer             ;
; WIDTHAD_A                          ; 19                   ; Signed Integer             ;
; NUMWORDS_A                         ; 327680               ; Signed Integer             ;
; OUTDATA_REG_A                      ; UNREGISTERED         ; Untyped                    ;
; ADDRESS_ACLR_A                     ; NONE                 ; Untyped                    ;
; OUTDATA_ACLR_A                     ; NONE                 ; Untyped                    ;
; WRCONTROL_ACLR_A                   ; NONE                 ; Untyped                    ;
; INDATA_ACLR_A                      ; NONE                 ; Untyped                    ;
; BYTEENA_ACLR_A                     ; NONE                 ; Untyped                    ;
; WIDTH_B                            ; 1                    ; Untyped                    ;
; WIDTHAD_B                          ; 1                    ; Untyped                    ;
; NUMWORDS_B                         ; 1                    ; Untyped                    ;
; INDATA_REG_B                       ; CLOCK1               ; Untyped                    ;
; WRCONTROL_WRADDRESS_REG_B          ; CLOCK1               ; Untyped                    ;
; RDCONTROL_REG_B                    ; CLOCK1               ; Untyped                    ;
; ADDRESS_REG_B                      ; CLOCK1               ; Untyped                    ;
; OUTDATA_REG_B                      ; UNREGISTERED         ; Untyped                    ;
; BYTEENA_REG_B                      ; CLOCK1               ; Untyped                    ;
; INDATA_ACLR_B                      ; NONE                 ; Untyped                    ;
; WRCONTROL_ACLR_B                   ; NONE                 ; Untyped                    ;
; ADDRESS_ACLR_B                     ; NONE                 ; Untyped                    ;
; OUTDATA_ACLR_B                     ; NONE                 ; Untyped                    ;
; RDCONTROL_ACLR_B                   ; NONE                 ; Untyped                    ;
; BYTEENA_ACLR_B                     ; NONE                 ; Untyped                    ;
; WIDTH_BYTEENA_A                    ; 1                    ; Signed Integer             ;
; WIDTH_BYTEENA_B                    ; 1                    ; Untyped                    ;
; RAM_BLOCK_TYPE                     ; AUTO                 ; Untyped                    ;
; BYTE_SIZE                          ; 8                    ; Untyped                    ;
; READ_DURING_WRITE_MODE_MIXED_PORTS ; DONT_CARE            ; Untyped                    ;
; READ_DURING_WRITE_MODE_PORT_A      ; NEW_DATA_NO_NBE_READ ; Untyped                    ;
; READ_DURING_WRITE_MODE_PORT_B      ; NEW_DATA_NO_NBE_READ ; Untyped                    ;
; INIT_FILE                          ; ../my_picture.mif    ; Untyped                    ;
; INIT_FILE_LAYOUT                   ; PORT_A               ; Untyped                    ;
; MAXIMUM_DEPTH                      ; 0                    ; Untyped                    ;
; CLOCK_ENABLE_INPUT_A               ; BYPASS               ; Untyped                    ;
; CLOCK_ENABLE_INPUT_B               ; NORMAL               ; Untyped                    ;
; CLOCK_ENABLE_OUTPUT_A              ; BYPASS               ; Untyped                    ;
; CLOCK_ENABLE_OUTPUT_B              ; NORMAL               ; Untyped                    ;
; CLOCK_ENABLE_CORE_A                ; USE_INPUT_CLKEN      ; Untyped                    ;
; CLOCK_ENABLE_CORE_B                ; USE_INPUT_CLKEN      ; Untyped                    ;
; ENABLE_ECC                         ; FALSE                ; Untyped                    ;
; ECC_PIPELINE_STAGE_ENABLED         ; FALSE                ; Untyped                    ;
; WIDTH_ECCSTATUS                    ; 3                    ; Untyped                    ;
; DEVICE_FAMILY                      ; Cyclone V            ; Untyped                    ;
; CBXI_PARAMETER                     ; altsyncram_bvg1      ; Untyped                    ;
+------------------------------------+----------------------+----------------------------+
Note: In order to hide this table in the UI and the text report file, please set the "Show Parameter Settings in Synthesis Report" option in "Analysis and Synthesis Settings -> More Settings" to "Off".


+---------------------------------------------------------------------------------------+
; altsyncram Parameter Settings by Entity Instance                                      ;
+-------------------------------------------+-------------------------------------------+
; Name                                      ; Value                                     ;
+-------------------------------------------+-------------------------------------------+
; Number of entity instances                ; 1                                         ;
; Entity Instance                           ; rom:myrom|altsyncram:altsyncram_component ;
;     -- OPERATION_MODE                     ; ROM                                       ;
;     -- WIDTH_A                            ; 12                                        ;
;     -- NUMWORDS_A                         ; 327680                                    ;
;     -- OUTDATA_REG_A                      ; UNREGISTERED                              ;
;     -- WIDTH_B                            ; 1                                         ;
;     -- NUMWORDS_B                         ; 1                                         ;
;     -- ADDRESS_REG_B                      ; CLOCK1                                    ;
;     -- OUTDATA_REG_B                      ; UNREGISTERED                              ;
;     -- RAM_BLOCK_TYPE                     ; AUTO                                      ;
;     -- READ_DURING_WRITE_MODE_MIXED_PORTS ; DONT_CARE                                 ;
+-------------------------------------------+-------------------------------------------+


+----------------------------------------------------------------------------------------------------------------------------+
; Port Connectivity Checks: "vga_ctrl:VGA_CTRL"                                                                              ;
+------------------+--------+----------+-------------------------------------------------------------------------------------+
; Port             ; Type   ; Severity ; Details                                                                             ;
+------------------+--------+----------+-------------------------------------------------------------------------------------+
; reset            ; Input  ; Info     ; Stuck at GND                                                                        ;
; vga_data[19..16] ; Input  ; Info     ; Stuck at GND                                                                        ;
; vga_data[11..8]  ; Input  ; Info     ; Stuck at GND                                                                        ;
; vga_data[3..0]   ; Input  ; Info     ; Stuck at GND                                                                        ;
; v_addr[9]        ; Output ; Info     ; Connected to dangling logic. Logic that only feeds a dangling port will be removed. ;
+------------------+--------+----------+-------------------------------------------------------------------------------------+


+----------------------------------------------+
; Port Connectivity Checks: "clkgen:my_vgaclk" ;
+-------+-------+----------+-------------------+
; Port  ; Type  ; Severity ; Details           ;
+-------+-------+----------+-------------------+
; rst   ; Input ; Info     ; Stuck at GND      ;
; clken ; Input ; Info     ; Stuck at VCC      ;
+-------+-------+----------+-------------------+


+-----------------------------------------------------+
; Post-Synthesis Netlist Statistics for Top Partition ;
+-----------------------+-----------------------------+
; Type                  ; Count                       ;
+-----------------------+-----------------------------+
; arriav_ff             ; 59                          ;
;     ENA SCLR          ; 9                           ;
;     SCLR              ; 32                          ;
;     plain             ; 18                          ;
; arriav_lcell_comb     ; 330                         ;
;     arith             ; 61                          ;
;         1 data inputs ; 61                          ;
;     normal            ; 269                         ;
;         0 data inputs ; 1                           ;
;         1 data inputs ; 1                           ;
;         2 data inputs ; 5                           ;
;         3 data inputs ; 12                          ;
;         4 data inputs ; 48                          ;
;         5 data inputs ; 24                          ;
;         6 data inputs ; 178                         ;
; boundary_port         ; 30                          ;
; stratixv_ram_block    ; 480                         ;
;                       ;                             ;
; Max LUT depth         ; 6.60                        ;
; Average LUT depth     ; 3.21                        ;
+-----------------------+-----------------------------+


+-------------------------------+
; Elapsed Time Per Partition    ;
+----------------+--------------+
; Partition Name ; Elapsed Time ;
+----------------+--------------+
; Top            ; 00:00:01     ;
+----------------+--------------+


+-------------------------------+
; Analysis & Synthesis Messages ;
+-------------------------------+
Info: *******************************************************************
Info: Running Quartus Prime Analysis & Synthesis
    Info: Version 17.1.0 Build 590 10/25/2017 SJ Lite Edition
    Info: Processing started: Sat Nov 10 20:17:31 2018
Info: Command: quartus_map --read_settings_files=on --write_settings_files=off lab09 -c lab09
Warning (18236): Number of processors has not been specified which may cause overloading on shared machines.  Set the global assignment NUM_PARALLEL_PROCESSORS in your QSF to an appropriate value for best performance.
Info (20030): Parallel compilation is enabled and will use 4 of the 4 processors detected
Info (12021): Found 1 design units, including 1 entities, in source file clkgen.v
    Info (12023): Found entity 1: clkgen File: D:/NJU/3rd semester/digital logical circuit experiments/lab09/clkgen.v Line: 1
Info (12021): Found 1 design units, including 1 entities, in source file vga_ctrl.v
    Info (12023): Found entity 1: vga_ctrl File: D:/NJU/3rd semester/digital logical circuit experiments/lab09/vga_ctrl.v Line: 1
Info (12021): Found 1 design units, including 1 entities, in source file lab09.v
    Info (12023): Found entity 1: lab09 File: D:/NJU/3rd semester/digital logical circuit experiments/lab09/lab09.v Line: 1
Info (12021): Found 1 design units, including 1 entities, in source file rom.v
    Info (12023): Found entity 1: rom File: D:/NJU/3rd semester/digital logical circuit experiments/lab09/rom.v Line: 39
Info (12127): Elaborating entity "lab09" for the top level hierarchy
Info (12128): Elaborating entity "clkgen" for hierarchy "clkgen:my_vgaclk" File: D:/NJU/3rd semester/digital logical circuit experiments/lab09/lab09.v Line: 18
Info (12128): Elaborating entity "vga_ctrl" for hierarchy "vga_ctrl:VGA_CTRL" File: D:/NJU/3rd semester/digital logical circuit experiments/lab09/lab09.v Line: 32
Warning (10230): Verilog HDL assignment warning at vga_ctrl.v(50): truncated value with size 32 to match size of target (10) File: D:/NJU/3rd semester/digital logical circuit experiments/lab09/vga_ctrl.v Line: 50
Info (12128): Elaborating entity "rom" for hierarchy "rom:myrom" File: D:/NJU/3rd semester/digital logical circuit experiments/lab09/lab09.v Line: 38
Info (12128): Elaborating entity "altsyncram" for hierarchy "rom:myrom|altsyncram:altsyncram_component" File: D:/NJU/3rd semester/digital logical circuit experiments/lab09/rom.v Line: 81
Info (12130): Elaborated megafunction instantiation "rom:myrom|altsyncram:altsyncram_component" File: D:/NJU/3rd semester/digital logical circuit experiments/lab09/rom.v Line: 81
Info (12133): Instantiated megafunction "rom:myrom|altsyncram:altsyncram_component" with the following parameter: File: D:/NJU/3rd semester/digital logical circuit experiments/lab09/rom.v Line: 81
    Info (12134): Parameter "address_aclr_a" = "NONE"
    Info (12134): Parameter "clock_enable_input_a" = "BYPASS"
    Info (12134): Parameter "clock_enable_output_a" = "BYPASS"
    Info (12134): Parameter "init_file" = "../my_picture.mif"
    Info (12134): Parameter "intended_device_family" = "Cyclone V"
    Info (12134): Parameter "lpm_hint" = "ENABLE_RUNTIME_MOD=NO"
    Info (12134): Parameter "lpm_type" = "altsyncram"
    Info (12134): Parameter "numwords_a" = "327680"
    Info (12134): Parameter "operation_mode" = "ROM"
    Info (12134): Parameter "outdata_aclr_a" = "NONE"
    Info (12134): Parameter "outdata_reg_a" = "UNREGISTERED"
    Info (12134): Parameter "widthad_a" = "19"
    Info (12134): Parameter "width_a" = "12"
    Info (12134): Parameter "width_byteena_a" = "1"
Info (12021): Found 1 design units, including 1 entities, in source file db/altsyncram_bvg1.tdf
    Info (12023): Found entity 1: altsyncram_bvg1 File: D:/NJU/3rd semester/digital logical circuit experiments/lab09/db/altsyncram_bvg1.tdf Line: 31
Info (12128): Elaborating entity "altsyncram_bvg1" for hierarchy "rom:myrom|altsyncram:altsyncram_component|altsyncram_bvg1:auto_generated" File: d:/quartus/quartus/libraries/megafunctions/altsyncram.tdf Line: 791
Info (12021): Found 1 design units, including 1 entities, in source file db/decode_l2a.tdf
    Info (12023): Found entity 1: decode_l2a File: D:/NJU/3rd semester/digital logical circuit experiments/lab09/db/decode_l2a.tdf Line: 22
Info (12128): Elaborating entity "decode_l2a" for hierarchy "rom:myrom|altsyncram:altsyncram_component|altsyncram_bvg1:auto_generated|decode_l2a:rden_decode" File: D:/NJU/3rd semester/digital logical circuit experiments/lab09/db/altsyncram_bvg1.tdf Line: 39
Info (12021): Found 1 design units, including 1 entities, in source file db/mux_nib.tdf
    Info (12023): Found entity 1: mux_nib File: D:/NJU/3rd semester/digital logical circuit experiments/lab09/db/mux_nib.tdf Line: 22
Info (12128): Elaborating entity "mux_nib" for hierarchy "rom:myrom|altsyncram:altsyncram_component|altsyncram_bvg1:auto_generated|mux_nib:mux2" File: D:/NJU/3rd semester/digital logical circuit experiments/lab09/db/altsyncram_bvg1.tdf Line: 40
Warning (13024): Output pins are stuck at VCC or GND
    Warning (13410): Pin "sync_n" is stuck at GND File: D:/NJU/3rd semester/digital logical circuit experiments/lab09/lab09.v Line: 5
    Warning (13410): Pin "vga_r[0]" is stuck at GND File: D:/NJU/3rd semester/digital logical circuit experiments/lab09/lab09.v Line: 7
    Warning (13410): Pin "vga_r[1]" is stuck at GND File: D:/NJU/3rd semester/digital logical circuit experiments/lab09/lab09.v Line: 7
    Warning (13410): Pin "vga_r[2]" is stuck at GND File: D:/NJU/3rd semester/digital logical circuit experiments/lab09/lab09.v Line: 7
    Warning (13410): Pin "vga_r[3]" is stuck at GND File: D:/NJU/3rd semester/digital logical circuit experiments/lab09/lab09.v Line: 7
    Warning (13410): Pin "vga_g[0]" is stuck at GND File: D:/NJU/3rd semester/digital logical circuit experiments/lab09/lab09.v Line: 8
    Warning (13410): Pin "vga_g[1]" is stuck at GND File: D:/NJU/3rd semester/digital logical circuit experiments/lab09/lab09.v Line: 8
    Warning (13410): Pin "vga_g[2]" is stuck at GND File: D:/NJU/3rd semester/digital logical circuit experiments/lab09/lab09.v Line: 8
    Warning (13410): Pin "vga_g[3]" is stuck at GND File: D:/NJU/3rd semester/digital logical circuit experiments/lab09/lab09.v Line: 8
    Warning (13410): Pin "vga_b[0]" is stuck at GND File: D:/NJU/3rd semester/digital logical circuit experiments/lab09/lab09.v Line: 9
    Warning (13410): Pin "vga_b[1]" is stuck at GND File: D:/NJU/3rd semester/digital logical circuit experiments/lab09/lab09.v Line: 9
    Warning (13410): Pin "vga_b[2]" is stuck at GND File: D:/NJU/3rd semester/digital logical circuit experiments/lab09/lab09.v Line: 9
    Warning (13410): Pin "vga_b[3]" is stuck at GND File: D:/NJU/3rd semester/digital logical circuit experiments/lab09/lab09.v Line: 9
Info (286030): Timing-Driven Synthesis is running
Info (16010): Generating hard_block partition "hard_block:auto_generated_inst"
    Info (16011): Adding 0 node(s), including 0 DDIO, 0 PLL, 0 transceiver and 0 LCELL
Info (21057): Implemented 873 device resources after synthesis - the final resource count might be different
    Info (21058): Implemented 1 input pins
    Info (21059): Implemented 29 output pins
    Info (21061): Implemented 363 logic cells
    Info (21064): Implemented 480 RAM segments
Info: Quartus Prime Analysis & Synthesis was successful. 0 errors, 16 warnings
    Info: Peak virtual memory: 4896 megabytes
    Info: Processing ended: Sat Nov 10 20:17:46 2018
    Info: Elapsed time: 00:00:15
    Info: Total CPU time (on all processors): 00:00:30


